2018-10-11 20:19:56 logger.py    CLI-User        Failed to load vars from config.
2018-10-11 20:19:56 users.py     CLI-User        whm.db initialized.
2018-10-11 20:23:40 logger.py    CLI-User        Failed to load vars from config.
2018-10-11 20:23:40 logger.py    Unknown         Failed to load vars from config.
2018-10-11 20:23:40 WebApp       Unknown         Initialized config
2018-10-11 20:24:25 metrics.py   metrics-tracker Began collecting metrics: ./application.py --------------
2018-10-11 20:24:25 metrics.py   metrics-tracker   OS took command, but there was an issue: sensors -u.
2018-10-11 20:24:25 metrics.py   metrics-tracker Demo Mode - Using sample data.
2018-10-11 20:24:25 metrics.py   metrics-tracker   Successfully ran: cat /home/ubuntu/workspace/project/samples/sample-sensors.txt.
2018-10-11 20:24:25 metrics.py   metrics-tracker   Successfully ran: free -o | tail -n +2.
2018-10-11 20:24:25 metrics.py   metrics-tracker   Successfully ran: cat /home/ubuntu/workspace/project/samples/sample-df.txt.
2018-10-11 20:24:25 metrics.py   metrics-tracker   Successfully ran: top -b -n1 | grep Cpu | tr -d '{NL}'.
2018-10-11 20:24:25 metrics.py   metrics-tracker Report Generated. Full report: False --------------
2018-10-11 20:27:37 WebApp       Unknown         Registration attempt: Joe {pw} ['Joe', 'Smith', 'email', 'phone']
2018-10-11 20:27:38 WebApp       Unknown         Request submitted
2018-10-11 20:27:44 WebApp       tralls          tralls logged in.
2018-10-11 20:27:45 metrics.py   tralls          Began collecting metrics: ./application.py --------------
2018-10-11 20:27:45 metrics.py   tralls            OS took command, but there was an issue: sensors -u.
2018-10-11 20:27:45 metrics.py   tralls          Demo Mode - Using sample data.
2018-10-11 20:27:45 metrics.py   tralls            Successfully ran: cat /home/ubuntu/workspace/project/samples/sample-sensors.txt.
2018-10-11 20:27:45 metrics.py   tralls            Successfully ran: free -o | tail -n +2.
2018-10-11 20:27:45 metrics.py   tralls            Successfully ran: cat /home/ubuntu/workspace/project/samples/sample-df.txt.
2018-10-11 20:27:45 metrics.py   tralls            Successfully ran: top -b -n1 | grep Cpu | tr -d '{NL}'.
2018-10-11 20:27:45 metrics.py   tralls            Successfully ran: hostname | tr -d '{NL}'.
2018-10-11 20:27:45 metrics.py   tralls            Successfully ran: uptime -p | cut -c 4- | tr -d '{NL}'.
2018-10-11 20:27:45 metrics.py   tralls            Successfully ran: uname -v | tr -d '{NL}'.
2018-10-11 20:27:45 metrics.py   tralls            Successfully ran: cat /home/ubuntu/workspace/project/samples/sample-dmesg.txt.
2018-10-11 20:27:45 metrics.py   tralls            Successfully ran: ifconfig eth0 | tail -n +4.
2018-10-11 20:27:45 metrics.py   tralls            Successfully ran: cat /home/ubuntu/workspace/project/samples/sample-lsblk.txt.
2018-10-11 20:27:45 metrics.py   tralls            Successfully ran: cat /home/ubuntu/workspace/project/samples/sample-smart-H-PASSED.txt.
2018-10-11 20:27:45 metrics.py   tralls            Successfully ran: cat /home/ubuntu/workspace/project/samples/sample-smartAsda.txt.
2018-10-11 20:27:45 metrics.py   tralls            Successfully ran: cat /home/ubuntu/workspace/project/samples/sample-sn.txt.
2018-10-11 20:27:45 metrics.py   tralls            Successfully ran: cat /home/ubuntu/workspace/project/samples/sample-smart-H-PASSED.txt.
2018-10-11 20:27:45 metrics.py   tralls            Successfully ran: cat /home/ubuntu/workspace/project/samples/sample-smartAsdb.txt.
2018-10-11 20:27:45 metrics.py   tralls            Successfully ran: cat /home/ubuntu/workspace/project/samples/sample-sn.txt.
2018-10-11 20:27:45 metrics.py   tralls            Successfully ran: cat /home/ubuntu/workspace/project/samples/sample-smart-H-PASSED.txt.
2018-10-11 20:27:45 metrics.py   tralls            Successfully ran: cat /home/ubuntu/workspace/project/samples/sample-smartAsdc.txt.
2018-10-11 20:27:45 metrics.py   tralls            Successfully ran: cat /home/ubuntu/workspace/project/samples/sample-sn.txt.
2018-10-11 20:27:45 metrics.py   tralls            Successfully ran: cat /home/ubuntu/workspace/project/samples/sample-smart-H-PASSED.txt.
2018-10-11 20:27:45 metrics.py   tralls            Successfully ran: cat /home/ubuntu/workspace/project/samples/sample-smartAsdd.txt.
2018-10-11 20:27:45 metrics.py   tralls            Successfully ran: cat /home/ubuntu/workspace/project/samples/sample-sn.txt.
2018-10-11 20:27:45 metrics.py   tralls            Successfully ran: ps -A | tail -n +2.
2018-10-11 20:27:45 metrics.py   tralls          Report Generated. Full report: True --------------
2018-10-11 20:31:41 WebApp       tralls          Logged out
2018-10-11 20:31:48 WebApp       Joe             Joe logged in.
2018-10-11 20:31:48 metrics.py   Joe             Began collecting metrics: ./application.py --------------
2018-10-11 20:31:48 metrics.py   Joe               OS took command, but there was an issue: sensors -u.
2018-10-11 20:31:48 metrics.py   Joe             Demo Mode - Using sample data.
2018-10-11 20:31:48 metrics.py   Joe               Successfully ran: cat /home/ubuntu/workspace/project/samples/sample-sensors.txt.
2018-10-11 20:31:49 metrics.py   Joe               Successfully ran: free -o | tail -n +2.
2018-10-11 20:31:49 metrics.py   Joe               Successfully ran: cat /home/ubuntu/workspace/project/samples/sample-df.txt.
2018-10-11 20:31:49 metrics.py   Joe               Successfully ran: top -b -n1 | grep Cpu | tr -d '{NL}'.
2018-10-11 20:31:49 metrics.py   Joe               Successfully ran: hostname | tr -d '{NL}'.
2018-10-11 20:31:49 metrics.py   Joe               Successfully ran: uptime -p | cut -c 4- | tr -d '{NL}'.
2018-10-11 20:31:49 metrics.py   Joe               Successfully ran: uname -v | tr -d '{NL}'.
2018-10-11 20:31:49 metrics.py   Joe               Successfully ran: cat /home/ubuntu/workspace/project/samples/sample-dmesg.txt.
2018-10-11 20:31:49 metrics.py   Joe               Successfully ran: ifconfig eth0 | tail -n +4.
2018-10-11 20:31:49 metrics.py   Joe               Successfully ran: cat /home/ubuntu/workspace/project/samples/sample-lsblk.txt.
2018-10-11 20:31:49 metrics.py   Joe               Successfully ran: cat /home/ubuntu/workspace/project/samples/sample-smart-H-PASSED.txt.
2018-10-11 20:31:49 metrics.py   Joe               Successfully ran: cat /home/ubuntu/workspace/project/samples/sample-smartAsda.txt.
2018-10-11 20:31:49 metrics.py   Joe               Successfully ran: cat /home/ubuntu/workspace/project/samples/sample-sn.txt.
2018-10-11 20:31:49 metrics.py   Joe               Successfully ran: cat /home/ubuntu/workspace/project/samples/sample-smart-H-PASSED.txt.
2018-10-11 20:31:49 metrics.py   Joe               Successfully ran: cat /home/ubuntu/workspace/project/samples/sample-smartAsdb.txt.
2018-10-11 20:31:49 metrics.py   Joe               Successfully ran: cat /home/ubuntu/workspace/project/samples/sample-sn.txt.
2018-10-11 20:31:49 metrics.py   Joe               Successfully ran: cat /home/ubuntu/workspace/project/samples/sample-smart-H-PASSED.txt.
2018-10-11 20:31:49 metrics.py   Joe               Successfully ran: cat /home/ubuntu/workspace/project/samples/sample-smartAsdc.txt.
2018-10-11 20:31:49 metrics.py   Joe               Successfully ran: cat /home/ubuntu/workspace/project/samples/sample-sn.txt.
2018-10-11 20:31:49 metrics.py   Joe               Successfully ran: cat /home/ubuntu/workspace/project/samples/sample-smart-H-PASSED.txt.
2018-10-11 20:31:49 metrics.py   Joe               Successfully ran: cat /home/ubuntu/workspace/project/samples/sample-smartAsdd.txt.
2018-10-11 20:31:49 metrics.py   Joe               Successfully ran: cat /home/ubuntu/workspace/project/samples/sample-sn.txt.
2018-10-11 20:31:49 metrics.py   Joe               Successfully ran: ps -A | tail -n +2.
2018-10-11 20:31:49 metrics.py   Joe             Report Generated. Full report: True --------------
2018-10-11 20:43:33 metrics.py   metrics-tracker Began collecting metrics: ./application.py --------------
2018-10-11 20:43:33 metrics.py   metrics-tracker   OS took command, but there was an issue: sensors -u.
2018-10-11 20:43:33 metrics.py   metrics-tracker Demo Mode - Using sample data.
2018-10-11 20:43:33 metrics.py   metrics-tracker   Successfully ran: cat /home/ubuntu/workspace/project/samples/sample-sensors.txt.
2018-10-11 20:43:33 metrics.py   metrics-tracker   Successfully ran: free -o | tail -n +2.
2018-10-11 20:43:33 metrics.py   metrics-tracker   Successfully ran: cat /home/ubuntu/workspace/project/samples/sample-df.txt.
2018-10-11 20:43:33 metrics.py   metrics-tracker   Successfully ran: top -b -n1 | grep Cpu | tr -d '{NL}'.
2018-10-11 20:43:33 metrics.py   metrics-tracker Report Generated. Full report: False --------------
2018-10-11 20:43:37 WebApp       tralls          tralls logged in.
2018-10-11 20:43:38 metrics.py   tralls          Began collecting metrics: ./application.py --------------
2018-10-11 20:43:38 metrics.py   tralls            OS took command, but there was an issue: sensors -u.
2018-10-11 20:43:38 metrics.py   tralls          Demo Mode - Using sample data.
2018-10-11 20:43:38 metrics.py   tralls            Successfully ran: cat /home/ubuntu/workspace/project/samples/sample-sensors.txt.
2018-10-11 20:43:38 metrics.py   tralls            Successfully ran: free -o | tail -n +2.
2018-10-11 20:43:38 metrics.py   tralls            Successfully ran: cat /home/ubuntu/workspace/project/samples/sample-df.txt.
2018-10-11 20:43:38 metrics.py   tralls            Successfully ran: top -b -n1 | grep Cpu | tr -d '{NL}'.
2018-10-11 20:43:38 metrics.py   tralls            Successfully ran: hostname | tr -d '{NL}'.
2018-10-11 20:43:38 metrics.py   tralls            Successfully ran: uptime -p | cut -c 4- | tr -d '{NL}'.
2018-10-11 20:43:38 metrics.py   tralls            Successfully ran: uname -v | tr -d '{NL}'.
2018-10-11 20:43:38 metrics.py   tralls            Successfully ran: cat /home/ubuntu/workspace/project/samples/sample-dmesg.txt.
2018-10-11 20:43:38 metrics.py   tralls            Successfully ran: ifconfig eth0 | tail -n +4.
2018-10-11 20:43:38 metrics.py   tralls            Successfully ran: cat /home/ubuntu/workspace/project/samples/sample-lsblk.txt.
2018-10-11 20:43:38 metrics.py   tralls            Successfully ran: cat /home/ubuntu/workspace/project/samples/sample-smart-H-PASSED.txt.
2018-10-11 20:43:38 metrics.py   tralls            Successfully ran: cat /home/ubuntu/workspace/project/samples/sample-smartAsda.txt.
2018-10-11 20:43:38 metrics.py   tralls            Successfully ran: cat /home/ubuntu/workspace/project/samples/sample-sn.txt.
2018-10-11 20:43:38 metrics.py   tralls            Successfully ran: cat /home/ubuntu/workspace/project/samples/sample-smart-H-PASSED.txt.
2018-10-11 20:43:38 metrics.py   tralls            Successfully ran: cat /home/ubuntu/workspace/project/samples/sample-smartAsdb.txt.
2018-10-11 20:43:38 metrics.py   tralls            Successfully ran: cat /home/ubuntu/workspace/project/samples/sample-sn.txt.
2018-10-11 20:43:38 metrics.py   tralls            Successfully ran: cat /home/ubuntu/workspace/project/samples/sample-smart-H-PASSED.txt.
2018-10-11 20:43:38 metrics.py   tralls            Successfully ran: cat /home/ubuntu/workspace/project/samples/sample-smartAsdc.txt.
2018-10-11 20:43:38 metrics.py   tralls            Successfully ran: cat /home/ubuntu/workspace/project/samples/sample-sn.txt.
2018-10-11 20:43:38 metrics.py   tralls            Successfully ran: cat /home/ubuntu/workspace/project/samples/sample-smart-H-PASSED.txt.
2018-10-11 20:43:38 metrics.py   tralls            Successfully ran: cat /home/ubuntu/workspace/project/samples/sample-smartAsdd.txt.
2018-10-11 20:43:38 metrics.py   tralls            Successfully ran: cat /home/ubuntu/workspace/project/samples/sample-sn.txt.
2018-10-11 20:43:38 metrics.py   tralls            Successfully ran: ps -A | tail -n +2.
2018-10-11 20:43:38 metrics.py   tralls          Report Generated. Full report: True --------------
