2018-10-10 00:56:06 logger.py    tralls          Log cleared
2018-10-10 00:56:06 logger.py    tralls          Max log size reached: 2000 - Started new log.
2018-10-10 00:56:06 metrics.py   tralls            Successfully ran: uname -v | tr -d '{NL}'.
2018-10-10 00:56:06 metrics.py   tralls            Successfully ran: cat /home/ubuntu/workspace/project/samples/sample-dmesg.txt.
2018-10-10 00:56:06 metrics.py   tralls            Successfully ran: ifconfig eth0 | tail -n +4.
2018-10-10 00:56:06 metrics.py   tralls            Successfully ran: cat /home/ubuntu/workspace/project/samples/sample-lsblk.txt.
2018-10-10 00:56:06 metrics.py   tralls            Successfully ran: cat /home/ubuntu/workspace/project/samples/sample-smart-H-PASSED.txt.
2018-10-10 00:56:06 metrics.py   tralls            Successfully ran: cat /home/ubuntu/workspace/project/samples/sample-smartAsda.txt.
2018-10-10 00:56:06 metrics.py   tralls            Successfully ran: cat /home/ubuntu/workspace/project/samples/sample-sn.txt.
2018-10-10 00:56:06 metrics.py   tralls            Successfully ran: cat /home/ubuntu/workspace/project/samples/sample-smart-H-PASSED.txt.
2018-10-10 00:56:06 metrics.py   tralls            Successfully ran: cat /home/ubuntu/workspace/project/samples/sample-smartAsdb.txt.
2018-10-10 00:56:06 metrics.py   tralls            Successfully ran: cat /home/ubuntu/workspace/project/samples/sample-sn.txt.
2018-10-10 00:56:06 metrics.py   tralls            Successfully ran: cat /home/ubuntu/workspace/project/samples/sample-smart-H-PASSED.txt.
2018-10-10 00:56:06 metrics.py   tralls            Successfully ran: cat /home/ubuntu/workspace/project/samples/sample-smartAsdc.txt.
2018-10-10 00:56:06 metrics.py   tralls            Successfully ran: cat /home/ubuntu/workspace/project/samples/sample-sn.txt.
2018-10-10 00:56:06 metrics.py   tralls            Successfully ran: cat /home/ubuntu/workspace/project/samples/sample-smart-H-PASSED.txt.
2018-10-10 00:56:06 metrics.py   tralls            Successfully ran: cat /home/ubuntu/workspace/project/samples/sample-smartAsdd.txt.
2018-10-10 00:56:06 logger.py    tralls          Max log size reached: 2000 - Started new log.
2018-10-10 00:56:06 logger.py    tralls          Max log size reached: 2000 - Started new log.
2018-10-10 00:56:35 logger.py    metrics-tracker Max log size reached: 2000 - Started new log.
