2018-04-22 00:44:27	metrics.py	TempUser	Began collecting metrics: ./metrics.py
2018-04-22 00:44:27	metrics.py	TempUser	OS took command, but there was an issue: sensors -u.
2018-04-22 00:44:27	metrics.py	TempUser	Successfully ran cat /home/ubuntu/workspace/project/samples/sample-sensors.txt.
2018-04-22 00:44:27	metrics.py	TempUser	Demo Mode: Demo metrics pulled from sample-sensors.txt.
2018-04-22 00:44:27	metrics.py	TempUser	Sensors parsed and added to report.
2018-04-22 00:44:27	metrics.py	TempUser	Successfully ran uptime -p | cut -c 4- | tr -d '{NL}'.
2018-04-22 00:44:27	metrics.py	TempUser	Added uptime to report.
2018-04-22 00:44:27	metrics.py	TempUser	Successfully ran cat /home/ubuntu/workspace/project/samples/sample-dmesg.txt.
2018-04-22 00:44:27	metrics.py	TempUser	Demo Mode: Demo metrics pulled from sample-dmesg.txt.
2018-04-22 00:44:27	metrics.py	TempUser	Successfully ran free -o.
2018-04-22 00:44:27	metrics.py	TempUser	Memory stats collected.
2018-04-22 00:44:27	metrics.py	TempUser	Successfully ran cat /home/ubuntu/workspace/project/samples/sample-lsblk.txt.
2018-04-22 00:44:27	metrics.py	TempUser	Demo Mode: Demo metrics pulled from sample-lsblk.txt.
2018-04-22 00:44:27	metrics.py	TempUser	Full report generated.
2018-04-22 00:47:21	metrics.py	TempUser	Began collecting metrics: ./metrics.py update
2018-04-22 00:47:21	metrics.py	TempUser	Collecting temperature metrics only.
2018-04-22 00:47:21	metrics.py	TempUser	OS took command, but there was an issue: sensors -u.
2018-04-22 00:47:21	metrics.py	TempUser	Successfully ran cat /home/ubuntu/workspace/project/samples/sample-sensors.txt.
2018-04-22 00:47:21	metrics.py	TempUser	Demo Mode: Demo metrics pulled from sample-sensors.txt.
2018-04-22 00:47:21	metrics.py	TempUser	Sensors parsed and added to report.
2018-04-22 00:47:21	metrics.py	TempUser	Reported sensors only.
2018-04-22 00:48:03	metrics.py	TempUser	Began collecting metrics: ./metrics.py asdf
2018-04-22 00:48:03	metrics.py	TempUser	Unexprected parameters - Did not collect metrics.
2018-04-22 00:50:15	metrics.py	TempUser	Began collecting metrics: ./metrics.py
2018-04-22 00:50:15	metrics.py	TempUser	OS took command, but there was an issue: sensors -u.
2018-04-22 00:50:15	metrics.py	TempUser	Successfully ran cat /home/ubuntu/workspace/project/samples/sample-sensors.txt.
2018-04-22 00:50:15	metrics.py	TempUser	Demo Mode: Demo metrics pulled from sample-sensors.txt.
2018-04-22 00:50:15	metrics.py	TempUser	Sensors parsed and added to report.
2018-04-22 00:50:15	metrics.py	TempUser	Successfully ran uptime -p | cut -c 4- | tr -d '{NL}'.
2018-04-22 00:50:15	metrics.py	TempUser	Added uptime to report.
2018-04-22 00:50:15	metrics.py	TempUser	Successfully ran cat /home/ubuntu/workspace/project/samples/sample-dmesg.txt.
2018-04-22 00:50:15	metrics.py	TempUser	Demo Mode: Demo metrics pulled from sample-dmesg.txt.
2018-04-22 00:50:15	metrics.py	TempUser	Successfully ran free -o.
2018-04-22 00:50:15	metrics.py	TempUser	Memory stats collected.
2018-04-22 00:50:15	metrics.py	TempUser	Successfully ran cat /home/ubuntu/workspace/project/samples/sample-lsblk.txt.
2018-04-22 00:50:15	metrics.py	TempUser	Demo Mode: Demo metrics pulled from sample-lsblk.txt.
2018-04-22 00:50:15	metrics.py	TempUser	Full report generated.
2018-04-22 00:50:15	logger.py	TempUser	whm.log backed up to whm_bak_2018_04_22_00_50_15.log
2018-04-22 00:50:26	metrics.py	TempUser	Began collecting metrics: ./metrics.py
2018-04-22 00:50:26	metrics.py	TempUser	OS took command, but there was an issue: sensors -u.
2018-04-22 00:50:26	metrics.py	TempUser	Successfully ran cat /home/ubuntu/workspace/project/samples/sample-sensors.txt.
2018-04-22 00:50:26	metrics.py	TempUser	Demo Mode: Demo metrics pulled from sample-sensors.txt.
2018-04-22 00:50:26	metrics.py	TempUser	Sensors parsed and added to report.
2018-04-22 00:50:26	metrics.py	TempUser	Successfully ran uptime -p | cut -c 4- | tr -d '{NL}'.
2018-04-22 00:50:26	metrics.py	TempUser	Added uptime to report.
2018-04-22 00:50:26	metrics.py	TempUser	Successfully ran cat /home/ubuntu/workspace/project/samples/sample-dmesg.txt.
2018-04-22 00:50:26	metrics.py	TempUser	Demo Mode: Demo metrics pulled from sample-dmesg.txt.
2018-04-22 00:50:26	metrics.py	TempUser	Successfully ran free -o.
2018-04-22 00:50:26	metrics.py	TempUser	Memory stats collected.
2018-04-22 00:50:26	metrics.py	TempUser	Successfully ran cat /home/ubuntu/workspace/project/samples/sample-lsblk.txt.
2018-04-22 00:50:26	metrics.py	TempUser	Demo Mode: Demo metrics pulled from sample-lsblk.txt.
2018-04-22 00:50:26	metrics.py	TempUser	Full report generated.
2018-04-22 00:50:26	logger.py	TempUser	whm.log backed up to whm_bak_2018_04_22_00_50_26.log
2018-04-22 00:50:37	metrics.py	TempUser	Began collecting metrics: ./metrics.py
2018-04-22 00:50:37	metrics.py	TempUser	OS took command, but there was an issue: sensors -u.
2018-04-22 00:50:37	metrics.py	TempUser	Successfully ran cat /home/ubuntu/workspace/project/samples/sample-sensors.txt.
2018-04-22 00:50:37	metrics.py	TempUser	Demo Mode: Demo metrics pulled from sample-sensors.txt.
2018-04-22 00:50:37	metrics.py	TempUser	Sensors parsed and added to report.
2018-04-22 00:50:37	metrics.py	TempUser	Successfully ran uptime -p | cut -c 4- | tr -d '{NL}'.
2018-04-22 00:50:37	metrics.py	TempUser	Added uptime to report.
2018-04-22 00:50:37	metrics.py	TempUser	Successfully ran cat /home/ubuntu/workspace/project/samples/sample-dmesg.txt.
2018-04-22 00:50:37	metrics.py	TempUser	Demo Mode: Demo metrics pulled from sample-dmesg.txt.
2018-04-22 00:50:37	metrics.py	TempUser	Successfully ran free -o.
2018-04-22 00:50:37	metrics.py	TempUser	Memory stats collected.
2018-04-22 00:50:37	metrics.py	TempUser	Successfully ran cat /home/ubuntu/workspace/project/samples/sample-lsblk.txt.
2018-04-22 00:50:37	metrics.py	TempUser	Demo Mode: Demo metrics pulled from sample-lsblk.txt.
2018-04-22 00:50:37	metrics.py	TempUser	Full report generated.
2018-04-22 00:50:37	logger.py	TempUser	whm.log backed up to whm_bak_2018_04_22_00_50_37.log
2018-04-22 00:50:37	metrics.py	TempUser	Began collecting metrics: ./metrics.py
2018-04-22 00:50:37	metrics.py	TempUser	OS took command, but there was an issue: sensors -u.
2018-04-22 00:50:37	metrics.py	TempUser	Successfully ran cat /home/ubuntu/workspace/project/samples/sample-sensors.txt.
2018-04-22 00:50:37	metrics.py	TempUser	Demo Mode: Demo metrics pulled from sample-sensors.txt.
2018-04-22 00:50:37	metrics.py	TempUser	Sensors parsed and added to report.
2018-04-22 00:50:37	metrics.py	TempUser	Successfully ran uptime -p | cut -c 4- | tr -d '{NL}'.
2018-04-22 00:50:37	metrics.py	TempUser	Added uptime to report.
2018-04-22 00:50:37	metrics.py	TempUser	Successfully ran cat /home/ubuntu/workspace/project/samples/sample-dmesg.txt.
2018-04-22 00:50:37	metrics.py	TempUser	Demo Mode: Demo metrics pulled from sample-dmesg.txt.
2018-04-22 00:50:37	metrics.py	TempUser	Successfully ran free -o.
2018-04-22 00:50:37	metrics.py	TempUser	Memory stats collected.
2018-04-22 00:50:37	metrics.py	TempUser	Successfully ran cat /home/ubuntu/workspace/project/samples/sample-lsblk.txt.
2018-04-22 00:50:37	metrics.py	TempUser	Demo Mode: Demo metrics pulled from sample-lsblk.txt.
2018-04-22 00:50:37	metrics.py	TempUser	Full report generated.
2018-04-22 00:50:37	logger.py	TempUser	Tried to backup whm.log to whm_bak_2018_04_22_00_50_37.log, but file already existed.
2018-04-22 00:50:37	metrics.py	TempUser	Began collecting metrics: ./metrics.py
2018-04-22 00:50:37	metrics.py	TempUser	OS took command, but there was an issue: sensors -u.
2018-04-22 00:50:37	metrics.py	TempUser	Successfully ran cat /home/ubuntu/workspace/project/samples/sample-sensors.txt.
2018-04-22 00:50:37	metrics.py	TempUser	Demo Mode: Demo metrics pulled from sample-sensors.txt.
2018-04-22 00:50:37	metrics.py	TempUser	Sensors parsed and added to report.
2018-04-22 00:50:37	metrics.py	TempUser	Successfully ran uptime -p | cut -c 4- | tr -d '{NL}'.
2018-04-22 00:50:37	metrics.py	TempUser	Added uptime to report.
2018-04-22 00:50:37	metrics.py	TempUser	Successfully ran cat /home/ubuntu/workspace/project/samples/sample-dmesg.txt.
2018-04-22 00:50:37	metrics.py	TempUser	Demo Mode: Demo metrics pulled from sample-dmesg.txt.
2018-04-22 00:50:37	metrics.py	TempUser	Successfully ran free -o.
2018-04-22 00:50:37	metrics.py	TempUser	Memory stats collected.
2018-04-22 00:50:37	metrics.py	TempUser	Successfully ran cat /home/ubuntu/workspace/project/samples/sample-lsblk.txt.
2018-04-22 00:50:37	metrics.py	TempUser	Demo Mode: Demo metrics pulled from sample-lsblk.txt.
2018-04-22 00:50:37	metrics.py	TempUser	Full report generated.
2018-04-22 00:50:37	logger.py	TempUser	Tried to backup whm.log to whm_bak_2018_04_22_00_50_37.log, but file already existed.
2018-04-22 00:50:38	metrics.py	TempUser	Began collecting metrics: ./metrics.py
2018-04-22 00:50:38	metrics.py	TempUser	OS took command, but there was an issue: sensors -u.
2018-04-22 00:50:38	metrics.py	TempUser	Successfully ran cat /home/ubuntu/workspace/project/samples/sample-sensors.txt.
2018-04-22 00:50:38	metrics.py	TempUser	Demo Mode: Demo metrics pulled from sample-sensors.txt.
2018-04-22 00:50:38	metrics.py	TempUser	Sensors parsed and added to report.
2018-04-22 00:50:38	metrics.py	TempUser	Successfully ran uptime -p | cut -c 4- | tr -d '{NL}'.
2018-04-22 00:50:38	metrics.py	TempUser	Added uptime to report.
2018-04-22 00:50:38	metrics.py	TempUser	Successfully ran cat /home/ubuntu/workspace/project/samples/sample-dmesg.txt.
2018-04-22 00:50:38	metrics.py	TempUser	Demo Mode: Demo metrics pulled from sample-dmesg.txt.
2018-04-22 00:50:38	metrics.py	TempUser	Successfully ran free -o.
2018-04-22 00:50:38	metrics.py	TempUser	Memory stats collected.
2018-04-22 00:50:38	metrics.py	TempUser	Successfully ran cat /home/ubuntu/workspace/project/samples/sample-lsblk.txt.
2018-04-22 00:50:38	metrics.py	TempUser	Demo Mode: Demo metrics pulled from sample-lsblk.txt.
2018-04-22 00:50:38	metrics.py	TempUser	Full report generated.
2018-04-22 00:50:38	logger.py	TempUser	whm.log backed up to whm_bak_2018_04_22_00_50_38.log
2018-04-22 00:52:18	logger.py	TempUser	Max log size reached: 2000 - Started new log.
