2018-04-22 00:52:18	logger.py	TempUser	Log cleared
2018-04-22 00:52:18	logger.py	TempUser	Max log size reached: 2000 - Started new log.
2018-04-22 00:52:18	logger.py	TempUser	Deleted aged log: whm_bak_2018_04_19_23_50_41.log
2018-04-22 00:52:18	metrics.py	TempUser	Began collecting metrics: ./metrics.py
2018-04-22 00:52:18	metrics.py	TempUser	OS took command, but there was an issue: sensors -u.
2018-04-22 00:52:18	metrics.py	TempUser	Successfully ran cat /home/ubuntu/workspace/project/samples/sample-sensors.txt.
2018-04-22 00:52:18	metrics.py	TempUser	Demo Mode: Demo metrics pulled from sample-sensors.txt.
2018-04-22 00:52:18	metrics.py	TempUser	Sensors parsed and added to report.
2018-04-22 00:52:18	metrics.py	TempUser	Successfully ran uptime -p | cut -c 4- | tr -d '{NL}'.
2018-04-22 00:52:18	metrics.py	TempUser	Added uptime to report.
2018-04-22 00:52:18	metrics.py	TempUser	Successfully ran cat /home/ubuntu/workspace/project/samples/sample-dmesg.txt.
2018-04-22 00:52:18	metrics.py	TempUser	Demo Mode: Demo metrics pulled from sample-dmesg.txt.
2018-04-22 00:52:18	metrics.py	TempUser	Successfully ran free -o.
2018-04-22 00:52:18	metrics.py	TempUser	Memory stats collected.
2018-04-22 00:52:18	metrics.py	TempUser	Successfully ran cat /home/ubuntu/workspace/project/samples/sample-lsblk.txt.
2018-04-22 00:52:18	metrics.py	TempUser	Demo Mode: Demo metrics pulled from sample-lsblk.txt.
2018-04-22 00:52:18	metrics.py	TempUser	Full report generated.
2018-04-22 00:52:18	logger.py	TempUser	Tried to backup whm.log to whm_bak_2018_04_22_00_52_18.log, but file already existed.
2018-04-22 00:52:34	metrics.py	TempUser	Began collecting metrics: ./metrics.py
2018-04-22 00:52:34	metrics.py	TempUser	OS took command, but there was an issue: sensors -u.
2018-04-22 00:52:34	metrics.py	TempUser	Successfully ran cat /home/ubuntu/workspace/project/samples/sample-sensors.txt.
2018-04-22 00:52:34	metrics.py	TempUser	Demo Mode: Demo metrics pulled from sample-sensors.txt.
2018-04-22 00:52:34	metrics.py	TempUser	Sensors parsed and added to report.
2018-04-22 00:52:34	logger.py	TempUser	Max log size reached: 2000 - Started new log.
